<?xml version="1.0" encoding="UTF-8"?>
<testng-results ignored="0" total="3" passed="3" failed="0" skipped="0">
  <reporter-output>
  </reporter-output>
  <suite started-at="2024-12-25T14:40:24 IST" name="Default suite" finished-at="2024-12-25T14:41:43 IST" duration-ms="78658">
    <groups>
      <group name="cucumber">
        <method signature="AbstractTestNGCucumberTests.runScenario(io.cucumber.testng.PickleWrapper,io.cucumber.testng.FeatureWrapper)[pri:0, instance:runners.AddressRunner@544fa968]" name="runScenario" class="io.cucumber.testng.AbstractTestNGCucumberTests"/>
      </group> <!-- cucumber -->
    </groups>
    <test started-at="2024-12-25T14:40:24 IST" name="Default test" finished-at="2024-12-25T14:41:43 IST" duration-ms="78658">
      <class name="runners.AddressRunner">
        <test-method is-config="true" signature="setUpClass(org.testng.ITestContext)[pri:0, instance:runners.AddressRunner@544fa968]" started-at="2024-12-25T14:40:24 IST" name="setUpClass" finished-at="2024-12-25T14:40:25 IST" duration-ms="876" status="PASS">
          <params>
            <param index="0">
              <value>
                <![CDATA[org.testng.TestRunner@5552d10]]>
              </value>
            </param>
          </params>
          <reporter-output>
          </reporter-output>
        </test-method> <!-- setUpClass -->
        <test-method signature="runScenario(io.cucumber.testng.PickleWrapper,io.cucumber.testng.FeatureWrapper)[pri:0, instance:runners.AddressRunner@544fa968]" started-at="2024-12-25T14:40:25 IST" name="runScenario" description="Runs Cucumber Scenarios" data-provider="scenarios" finished-at="2024-12-25T14:40:51 IST" duration-ms="25933" status="PASS">
          <params>
            <param index="0">
              <value>
                <![CDATA["Address Insertion Functions"]]>
              </value>
            </param>
            <param index="1">
              <value>
                <![CDATA["Add Address Functionality"]]>
              </value>
            </param>
          </params>
          <reporter-output>
          </reporter-output>
        </test-method> <!-- runScenario -->
        <test-method signature="runScenario(io.cucumber.testng.PickleWrapper,io.cucumber.testng.FeatureWrapper)[pri:0, instance:runners.AddressRunner@544fa968]" started-at="2024-12-25T14:40:51 IST" name="runScenario" description="Runs Cucumber Scenarios" data-provider="scenarios" finished-at="2024-12-25T14:41:16 IST" duration-ms="24914" status="PASS">
          <params>
            <param index="0">
              <value>
                <![CDATA["Address Insertion Functions"]]>
              </value>
            </param>
            <param index="1">
              <value>
                <![CDATA["Add Address Functionality"]]>
              </value>
            </param>
          </params>
          <reporter-output>
          </reporter-output>
        </test-method> <!-- runScenario -->
        <test-method signature="runScenario(io.cucumber.testng.PickleWrapper,io.cucumber.testng.FeatureWrapper)[pri:0, instance:runners.AddressRunner@544fa968]" started-at="2024-12-25T14:41:16 IST" name="runScenario" description="Runs Cucumber Scenarios" data-provider="scenarios" finished-at="2024-12-25T14:41:40 IST" duration-ms="24592" status="PASS">
          <params>
            <param index="0">
              <value>
                <![CDATA["Address Insertion Functions"]]>
              </value>
            </param>
            <param index="1">
              <value>
                <![CDATA["Add Address Functionality"]]>
              </value>
            </param>
          </params>
          <reporter-output>
          </reporter-output>
        </test-method> <!-- runScenario -->
        <test-method is-config="true" signature="tearDownClass()[pri:0, instance:runners.AddressRunner@544fa968]" started-at="2024-12-25T14:41:40 IST" name="tearDownClass" finished-at="2024-12-25T14:41:43 IST" duration-ms="2274" status="PASS">
          <reporter-output>
          </reporter-output>
        </test-method> <!-- tearDownClass -->
      </class> <!-- runners.AddressRunner -->
    </test> <!-- Default test -->
  </suite> <!-- Default suite -->
</testng-results>
