<?xml version="1.0" encoding="UTF-8"?>
<!-- Generated by org.testng.reporters.JUnitReportReporter -->
<testsuite hostname="DESKTOP-095PV9A" failures="0" tests="1" name="runners.OrderingRunner" time="79.979" errors="1" timestamp="2024-12-25T14:25:11 IST" skipped="0">
  <testcase classname="runners.OrderingRunner" name="runScenario" time="79.979">
    <error message="Cannot invoke &quot;org.openqa.selenium.JavascriptExecutor.executeScript(String, Object[])&quot; because &quot;jsExecutor&quot; is null" type="java.lang.NullPointerException">
      <![CDATA[java.lang.NullPointerException: Cannot invoke "org.openqa.selenium.JavascriptExecutor.executeScript(String, Object[])" because "jsExecutor" is null
at stepDefinitions.OrderingSteps.selectTheDefaultAddress(OrderingSteps.java:97)
at ✽.Select the default address or enter a new one(file:///E:/Assignment-1/TestRepo/src/test/java/featureFiles/Ordering.feature:23)
]]>
    </error>
  </testcase> <!-- runScenario -->
</testsuite> <!-- runners.OrderingRunner -->
